Command line:
   ALU_Control_440_tb_isim_beh.exe
     -simmode  gui
     -simrunnum  0
     -socket  60163

Wed Feb 28 15:46:51 2018


 Elaboration Time: 0.1875 sec

 Current Memory Usage: 876.986 Meg

 Total Signals          : 16
 Total Nets             : 25
 Total Signal Drivers   : 8
 Total Blocks           : 3
 Total Primitive Blocks : 2
 Total Processes        : 11
 Total Traceable Variables  : 21
 Total Scalar Nets and Variables : 117
Total Line Count : 46

 Total Simulation Time: 0.21875 sec

 Current Memory Usage: 1034.27 Meg

Wed Feb 28 15:53:25 2018

