Release 14.7 - xst P.20131013 (nt64)
Copyright (c) 1995-2013 Xilinx, Inc.  All rights reserved.
--> Parameter TMPDIR set to xst/projnav.tmp


Total REAL time to Xst completion: 0.00 secs
Total CPU time to Xst completion: 0.26 secs
 
--> Parameter xsthdpdir set to xst


Total REAL time to Xst completion: 0.00 secs
Total CPU time to Xst completion: 0.26 secs
 
--> Reading design: ALU.prj

TABLE OF CONTENTS
  1) Synthesis Options Summary
  2) HDL Parsing
  3) HDL Elaboration
  4) HDL Synthesis
       4.1) HDL Synthesis Report
  5) Advanced HDL Synthesis
       5.1) Advanced HDL Synthesis Report
  6) Low Level Synthesis
  7) Partition Report
  8) Design Summary
       8.1) Primitive and Black Box Usage
       8.2) Device utilization summary
       8.3) Partition Resource Summary
       8.4) Timing Report
            8.4.1) Clock Information
            8.4.2) Asynchronous Control Signals Information
            8.4.3) Timing Summary
            8.4.4) Timing Details
            8.4.5) Cross Clock Domains Report


=========================================================================
*                      Synthesis Options Summary                        *
=========================================================================
---- Source Parameters
Input File Name                    : "ALU.prj"
Ignore Synthesis Constraint File   : NO

---- Target Parameters
Output File Name                   : "ALU"
Output Format                      : NGC
Target Device                      : xc7a100t-3-csg324

---- Source Options
Top Module Name                    : ALU
Automatic FSM Extraction           : YES
FSM Encoding Algorithm             : Auto
Safe Implementation                : No
FSM Style                          : LUT
RAM Extraction                     : Yes
RAM Style                          : Auto
ROM Extraction                     : Yes
Shift Register Extraction          : YES
ROM Style                          : Auto
Resource Sharing                   : YES
Asynchronous To Synchronous        : NO
Shift Register Minimum Size        : 2
Use DSP Block                      : Auto
Automatic Register Balancing       : No

---- Target Options
LUT Combining                      : Auto
Reduce Control Sets                : Auto
Add IO Buffers                     : YES
Global Maximum Fanout              : 100000
Add Generic Clock Buffer(BUFG)     : 32
Register Duplication               : YES
Optimize Instantiated Primitives   : NO
Use Clock Enable                   : Auto
Use Synchronous Set                : Auto
Use Synchronous Reset              : Auto
Pack IO Registers into IOBs        : Auto
Equivalent register Removal        : YES

---- General Options
Optimization Goal                  : Speed
Optimization Effort                : 1
Power Reduction                    : NO
Keep Hierarchy                     : No
Netlist Hierarchy                  : As_Optimized
RTL Output                         : Yes
Global Optimization                : AllClockNets
Read Cores                         : YES
Write Timing Constraints           : NO
Cross Clock Analysis               : NO
Hierarchy Separator                : /
Bus Delimiter                      : <>
Case Specifier                     : Maintain
Slice Utilization Ratio            : 100
BRAM Utilization Ratio             : 100
DSP48 Utilization Ratio            : 100
Auto BRAM Packing                  : NO
Slice Utilization Ratio Delta      : 5

=========================================================================


=========================================================================
*                          HDL Parsing                                  *
=========================================================================
Analyzing Verilog file "D:\CSULB_Classes\CECS_440\Labs_Projects\ALU\ALU\ALU.v" into library work
Parsing module <ALU>.

=========================================================================
*                            HDL Elaboration                            *
=========================================================================

Elaborating module <ALU>.
WARNING:HDLCompiler:413 - "D:\CSULB_Classes\CECS_440\Labs_Projects\ALU\ALU\ALU.v" Line 60: Result of 32-bit expression is truncated to fit in 1-bit target.

=========================================================================
*                           HDL Synthesis                               *
=========================================================================

Synthesizing Unit <ALU>.
    Related source file is "D:\CSULB_Classes\CECS_440\Labs_Projects\ALU\ALU\ALU.v".
        AND = 4'b0000
        OR = 4'b0001
        ADD = 4'b0010
        SUB = 4'b0110
        SLT = 4'b0111
        NOR = 4'b1100
    Found 32-bit subtractor for signal <A[31]_B[31]_sub_4_OUT> created at line 52.
    Found 32-bit adder for signal <A[31]_B[31]_add_2_OUT> created at line 51.
    Found 32-bit comparator greater for signal <A[31]_B[31]_LessThan_5_o> created at line 53
    Summary:
	inferred   2 Adder/Subtractor(s).
	inferred   1 Comparator(s).
Unit <ALU> synthesized.

=========================================================================
HDL Synthesis Report

Macro Statistics
# Adders/Subtractors                                   : 2
 32-bit adder                                          : 1
 32-bit subtractor                                     : 1
# Comparators                                          : 1
 32-bit comparator greater                             : 1

=========================================================================

=========================================================================
*                       Advanced HDL Synthesis                          *
=========================================================================


=========================================================================
Advanced HDL Synthesis Report

Macro Statistics
# Adders/Subtractors                                   : 2
 32-bit adder                                          : 1
 32-bit subtractor                                     : 1
# Comparators                                          : 1
 32-bit comparator greater                             : 1

=========================================================================

=========================================================================
*                         Low Level Synthesis                           *
=========================================================================

Optimizing unit <ALU> ...

Mapping all equations...
Building and optimizing final netlist ...
Found area constraint ratio of 100 (+ 5) on block ALU, actual ratio is 0.

Final Macro Processing ...

=========================================================================
Final Register Report

Found no macro
=========================================================================

=========================================================================
*                           Partition Report                            *
=========================================================================

Partition Implementation Status
-------------------------------

  No Partitions were found in this design.

-------------------------------

=========================================================================
*                            Design Summary                             *
=========================================================================

Top Level Output File Name         : ALU.ngc

Primitive and Black Box Usage:
------------------------------
# BELS                             : 343
#      GND                         : 1
#      LUT2                        : 65
#      LUT3                        : 2
#      LUT4                        : 30
#      LUT5                        : 93
#      LUT6                        : 9
#      MUXCY                       : 77
#      MUXF7                       : 1
#      VCC                         : 1
#      XORCY                       : 64
# IO Buffers                       : 101
#      IBUF                        : 68
#      OBUF                        : 33

Device utilization summary:
---------------------------

Selected Device : 7a100tcsg324-3 


Slice Logic Utilization: 
 Number of Slice LUTs:                  199  out of  63400     0%  
    Number used as Logic:               199  out of  63400     0%  

Slice Logic Distribution: 
 Number of LUT Flip Flop pairs used:    199
   Number with an unused Flip Flop:     199  out of    199   100%  
   Number with an unused LUT:             0  out of    199     0%  
   Number of fully used LUT-FF pairs:     0  out of    199     0%  
   Number of unique control sets:         0

IO Utilization: 
 Number of IOs:                         101
 Number of bonded IOBs:                 101  out of    210    48%  

Specific Feature Utilization:

---------------------------
Partition Resource Summary:
---------------------------

  No Partitions were found in this design.

---------------------------


=========================================================================
Timing Report

NOTE: THESE TIMING NUMBERS ARE ONLY A SYNTHESIS ESTIMATE.
      FOR ACCURATE TIMING INFORMATION PLEASE REFER TO THE TRACE REPORT
      GENERATED AFTER PLACE-and-ROUTE.

Clock Information:
------------------
No clock signals found in this design

Asynchronous Control Signals Information:
----------------------------------------
No asynchronous control signals found in this design

Timing Summary:
---------------
Speed Grade: -3

   Minimum period: No path found
   Minimum input arrival time before clock: No path found
   Maximum output required time after clock: No path found
   Maximum combinational path delay: 4.588ns

Timing Details:
---------------
All values displayed in nanoseconds (ns)

=========================================================================
Timing constraint: Default path analysis
  Total number of paths / destination ports: 7168 / 33
-------------------------------------------------------------------------
Delay:               4.588ns (Levels of Logic = 17)
  Source:            A<0> (PAD)
  Destination:       Zero (PAD)

  Data Path: A<0> to Zero
                                Gate     Net
    Cell:in->out      fanout   Delay   Delay  Logical Name (Net Name)
    ----------------------------------------  ------------
     IBUF:I->O             6   0.001   0.402  A_0_IBUF (A_0_IBUF)
     LUT2:I0->O            1   0.097   0.000  Msub_A[31]_B[31]_sub_4_OUT_lut<0> (Msub_A[31]_B[31]_sub_4_OUT_lut<0>)
     MUXCY:S->O            1   0.353   0.000  Msub_A[31]_B[31]_sub_4_OUT_cy<0> (Msub_A[31]_B[31]_sub_4_OUT_cy<0>)
     MUXCY:CI->O           1   0.023   0.000  Msub_A[31]_B[31]_sub_4_OUT_cy<1> (Msub_A[31]_B[31]_sub_4_OUT_cy<1>)
     MUXCY:CI->O           1   0.023   0.000  Msub_A[31]_B[31]_sub_4_OUT_cy<2> (Msub_A[31]_B[31]_sub_4_OUT_cy<2>)
     MUXCY:CI->O           1   0.023   0.000  Msub_A[31]_B[31]_sub_4_OUT_cy<3> (Msub_A[31]_B[31]_sub_4_OUT_cy<3>)
     MUXCY:CI->O           1   0.023   0.000  Msub_A[31]_B[31]_sub_4_OUT_cy<4> (Msub_A[31]_B[31]_sub_4_OUT_cy<4>)
     MUXCY:CI->O           1   0.023   0.000  Msub_A[31]_B[31]_sub_4_OUT_cy<5> (Msub_A[31]_B[31]_sub_4_OUT_cy<5>)
     MUXCY:CI->O           1   0.023   0.000  Msub_A[31]_B[31]_sub_4_OUT_cy<6> (Msub_A[31]_B[31]_sub_4_OUT_cy<6>)
     MUXCY:CI->O           1   0.023   0.000  Msub_A[31]_B[31]_sub_4_OUT_cy<7> (Msub_A[31]_B[31]_sub_4_OUT_cy<7>)
     XORCY:CI->O           1   0.370   0.295  Msub_A[31]_B[31]_sub_4_OUT_xor<8> (A[31]_B[31]_sub_4_OUT<8>)
     LUT5:I4->O            1   0.097   0.556  _n0112<8>2 (_n0112<8>1)
     LUT5:I1->O            2   0.097   0.516  _n0112<8>3 (ALU_Result_8_OBUF)
     LUT3:I0->O            1   0.097   0.379  ALU_Result[31]_GND_1_o_equal_17_o<31>1 (ALU_Result[31]_GND_1_o_equal_17_o<31>)
     LUT6:I4->O            1   0.097   0.693  ALU_Result[31]_GND_1_o_equal_17_o<31>2 (ALU_Result[31]_GND_1_o_equal_17_o<31>1)
     LUT6:I0->O            1   0.097   0.279  ALU_Result[31]_GND_1_o_equal_17_o<31>8 (Zero_OBUF)
     OBUF:I->O                 0.000          Zero_OBUF (Zero)
    ----------------------------------------
    Total                      4.588ns (1.467ns logic, 3.121ns route)
                                       (32.0% logic, 68.0% route)

=========================================================================

Cross Clock Domains Report:
--------------------------

=========================================================================


Total REAL time to Xst completion: 25.00 secs
Total CPU time to Xst completion: 25.40 secs
 
--> 

Total memory usage is 444612 kilobytes

Number of errors   :    0 (   0 filtered)
Number of warnings :    1 (   0 filtered)
Number of infos    :    0 (   0 filtered)

