ISim log file
Running: D:\CSULB_Classes\CECS_440\Labs_Projects\ALU\ALU_JS\ALU_Top_tf_isim_beh.exe -intstyle ise -gui -tclbatch isim.cmd -wdb D:/CSULB_Classes/CECS_440/Labs_Projects/ALU/ALU_JS/ALU_Top_tf_isim_beh.wdb 
ISim P.20131013 (signature 0x7708f090)
WARNING: A WEBPACK license was found.
WARNING: Please use Xilinx License Configuration Manager to check out a full ISim license.
WARNING: ISim will run in Lite mode. Please refer to the ISim documentation for more information on the differences between the Lite and the Full version.
This is a Lite version of ISim.
Time resolution is 1 ps
# onerror resume
# wave add /
# run 1000 ns
Simulator is doing circuit initialization process.
Finished circuit initialization process.
FuncCode=100000, ALU_op=10, ALU_Ctl=0010
FuncCode=100010, ALU_op=10, ALU_Ctl=0110
FuncCode=100100, ALU_op=10, ALU_Ctl=0000
FuncCode=100101, ALU_op=10, ALU_Ctl=0001
FuncCode=101010, ALU_op=10, ALU_Ctl=0111
FuncCode=100111, ALU_op=10, ALU_Ctl=1100
FuncCode=xxxxxx, ALU_op=00, ALU_Ctl=0010
FuncCode=xxxxxx, ALU_op=x1, ALU_Ctl=0110
Stopped at time : 900 ns :  in File "D:/CSULB_Classes/CECS_440/Labs_Projects/ALU/ALU_JS/ALU_Top_tf.v" Line 131 
