ISim log file
Running: D:\CSULB_Classes\CECS_440\Labs_Projects\MIPS_Core\MIPS_Core\MIPS_Core_tf_isim_beh.exe -intstyle ise -gui -tclbatch isim.cmd -wdb D:/CSULB_Classes/CECS_440/Labs_Projects/MIPS_Core/MIPS_Core/MIPS_Core_tf_isim_beh.wdb 
ISim P.20131013 (signature 0x7708f090)
WARNING: A WEBPACK license was found.
WARNING: Please use Xilinx License Configuration Manager to check out a full ISim license.
WARNING: ISim will run in Lite mode. Please refer to the ISim documentation for more information on the differences between the Lite and the Full version.
This is a Lite version of ISim.
Time resolution is 1 ps
# onerror resume
# wave add /
# run 1000 ns
Simulator is doing circuit initialization process.
Finished circuit initialization process.
Test case 1:   and $31, $22, $13
expected result: $31 = 0x00000004
actual result: $31 = 0x00000004

Test case 2:   slt $1, $2, $3
expected result: $1 = 0x00000001
actual result: $1 = 0x00000001

Test case 3:   lw $12, 20($20)
expected result: $12 = 0x6bd502ae
actual result: $12 = 0x6bd502ae

Test case 4:   sw $4, 0($0)
expected result: DMEM[0] = 0x00000004
actual result: DMEM[0] = 0x00000004

test case 5:   beq $5, $6, 0xffff
expected results:
 Zero = 0
 Branch = 1
 SeIMM = 0xffffffff
actual results:
 Zero = 0
 Branch = 1
 SeIMM = 0xffffffff

Test case 6:   sub $7, $8, $9
expected result: $7 = 0xffffffff
actual result: $7 = 0xffffffff

Test case 7:   jump to IMEM address 0x00400010
expected result: JumpValue = 0x0100004
actual result:   JumpValue = 0x0100004

Stopped at time : 101 ns :  in File "D:/CSULB_Classes/CECS_440/Labs_Projects/MIPS_Core/MIPS_Core/MIPS_Core_tf.v" Line 168 
