Release 14.7 - xst P.20131013 (nt64)
Copyright (c) 1995-2013 Xilinx, Inc.  All rights reserved.
--> Parameter TMPDIR set to xst/projnav.tmp


Total REAL time to Xst completion: 0.00 secs
Total CPU time to Xst completion: 0.38 secs
 
--> Parameter xsthdpdir set to xst


Total REAL time to Xst completion: 0.00 secs
Total CPU time to Xst completion: 0.38 secs
 
--> Reading design: ALU.prj

TABLE OF CONTENTS
  1) Synthesis Options Summary
  2) HDL Parsing
  3) HDL Elaboration
  4) HDL Synthesis
       4.1) HDL Synthesis Report
  5) Advanced HDL Synthesis
       5.1) Advanced HDL Synthesis Report
  6) Low Level Synthesis
  7) Partition Report
  8) Design Summary
       8.1) Primitive and Black Box Usage
       8.2) Device utilization summary
       8.3) Partition Resource Summary
       8.4) Timing Report
            8.4.1) Clock Information
            8.4.2) Asynchronous Control Signals Information
            8.4.3) Timing Summary
            8.4.4) Timing Details
            8.4.5) Cross Clock Domains Report


=========================================================================
*                      Synthesis Options Summary                        *
=========================================================================
---- Source Parameters
Input File Name                    : "ALU.prj"
Ignore Synthesis Constraint File   : NO

---- Target Parameters
Output File Name                   : "ALU"
Output Format                      : NGC
Target Device                      : xc6slx16-2-csg324

---- Source Options
Top Module Name                    : ALU
Automatic FSM Extraction           : YES
FSM Encoding Algorithm             : Auto
Safe Implementation                : No
FSM Style                          : LUT
RAM Extraction                     : Yes
RAM Style                          : Auto
ROM Extraction                     : Yes
Shift Register Extraction          : YES
ROM Style                          : Auto
Resource Sharing                   : YES
Asynchronous To Synchronous        : NO
Shift Register Minimum Size        : 2
Use DSP Block                      : Auto
Automatic Register Balancing       : No

---- Target Options
LUT Combining                      : Auto
Reduce Control Sets                : Auto
Add IO Buffers                     : YES
Global Maximum Fanout              : 100000
Add Generic Clock Buffer(BUFG)     : 16
Register Duplication               : YES
Optimize Instantiated Primitives   : NO
Use Clock Enable                   : Auto
Use Synchronous Set                : Auto
Use Synchronous Reset              : Auto
Pack IO Registers into IOBs        : Auto
Equivalent register Removal        : YES

---- General Options
Optimization Goal                  : Speed
Optimization Effort                : 1
Power Reduction                    : NO
Keep Hierarchy                     : No
Netlist Hierarchy                  : As_Optimized
RTL Output                         : Yes
Global Optimization                : AllClockNets
Read Cores                         : YES
Write Timing Constraints           : NO
Cross Clock Analysis               : NO
Hierarchy Separator                : /
Bus Delimiter                      : <>
Case Specifier                     : Maintain
Slice Utilization Ratio            : 100
BRAM Utilization Ratio             : 100
DSP48 Utilization Ratio            : 100
Auto BRAM Packing                  : NO
Slice Utilization Ratio Delta      : 5

=========================================================================


=========================================================================
*                          HDL Parsing                                  *
=========================================================================
Analyzing Verilog file "C:\Users\Sam\Desktop\440\ALU\_440_MIPS_Project\ALU_Sam\ALU_440\ALU.v" into library work
Parsing module <ALU>.

=========================================================================
*                            HDL Elaboration                            *
=========================================================================

Elaborating module <ALU>.

=========================================================================
*                           HDL Synthesis                               *
=========================================================================

Synthesizing Unit <ALU>.
    Related source file is "C:\Users\Sam\Desktop\440\ALU\_440_MIPS_Project\ALU_Sam\ALU_440\ALU.v".
    Found 32-bit subtractor for signal <A[31]_B[31]_sub_4_OUT> created at line 20.
    Found 32-bit adder for signal <A[31]_B[31]_add_2_OUT> created at line 19.
    Found 32-bit comparator greater for signal <A[31]_B[31]_LessThan_5_o> created at line 21
    Summary:
	inferred   2 Adder/Subtractor(s).
	inferred   1 Comparator(s).
Unit <ALU> synthesized.

=========================================================================
HDL Synthesis Report

Macro Statistics
# Adders/Subtractors                                   : 2
 32-bit adder                                          : 1
 32-bit subtractor                                     : 1
# Comparators                                          : 1
 32-bit comparator greater                             : 1

=========================================================================

=========================================================================
*                       Advanced HDL Synthesis                          *
=========================================================================


=========================================================================
Advanced HDL Synthesis Report

Macro Statistics
# Adders/Subtractors                                   : 2
 32-bit adder                                          : 1
 32-bit subtractor                                     : 1
# Comparators                                          : 1
 32-bit comparator greater                             : 1

=========================================================================

=========================================================================
*                         Low Level Synthesis                           *
=========================================================================

Optimizing unit <ALU> ...

Mapping all equations...
Building and optimizing final netlist ...
Found area constraint ratio of 100 (+ 5) on block ALU, actual ratio is 2.

Final Macro Processing ...

=========================================================================
Final Register Report

Found no macro
=========================================================================

=========================================================================
*                           Partition Report                            *
=========================================================================

Partition Implementation Status
-------------------------------

  No Partitions were found in this design.

-------------------------------

=========================================================================
*                            Design Summary                             *
=========================================================================

Top Level Output File Name         : ALU.ngc

Primitive and Black Box Usage:
------------------------------
# BELS                             : 344
#      GND                         : 1
#      LUT2                        : 65
#      LUT3                        : 1
#      LUT4                        : 30
#      LUT5                        : 93
#      LUT6                        : 11
#      MUXCY                       : 77
#      MUXF7                       : 1
#      VCC                         : 1
#      XORCY                       : 64
# IO Buffers                       : 101
#      IBUF                        : 68
#      OBUF                        : 33

Device utilization summary:
---------------------------

Selected Device : 6slx16csg324-2 


Slice Logic Utilization: 
 Number of Slice LUTs:                  200  out of   9112     2%  
    Number used as Logic:               200  out of   9112     2%  

Slice Logic Distribution: 
 Number of LUT Flip Flop pairs used:    200
   Number with an unused Flip Flop:     200  out of    200   100%  
   Number with an unused LUT:             0  out of    200     0%  
   Number of fully used LUT-FF pairs:     0  out of    200     0%  
   Number of unique control sets:         0

IO Utilization: 
 Number of IOs:                         101
 Number of bonded IOBs:                 101  out of    232    43%  

Specific Feature Utilization:

---------------------------
Partition Resource Summary:
---------------------------

  No Partitions were found in this design.

---------------------------


=========================================================================
Timing Report

NOTE: THESE TIMING NUMBERS ARE ONLY A SYNTHESIS ESTIMATE.
      FOR ACCURATE TIMING INFORMATION PLEASE REFER TO THE TRACE REPORT
      GENERATED AFTER PLACE-and-ROUTE.

Clock Information:
------------------
No clock signals found in this design

Asynchronous Control Signals Information:
----------------------------------------
No asynchronous control signals found in this design

Timing Summary:
---------------
Speed Grade: -2

   Minimum period: No path found
   Minimum input arrival time before clock: No path found
   Maximum output required time after clock: No path found
   Maximum combinational path delay: 13.501ns

Timing Details:
---------------
All values displayed in nanoseconds (ns)

=========================================================================
Timing constraint: Default path analysis
  Total number of paths / destination ports: 7168 / 33
-------------------------------------------------------------------------
Delay:               13.501ns (Levels of Logic = 24)
  Source:            B<0> (PAD)
  Destination:       Zero_Flag (PAD)

  Data Path: B<0> to Zero_Flag
                                Gate     Net
    Cell:in->out      fanout   Delay   Delay  Logical Name (Net Name)
    ----------------------------------------  ------------
     IBUF:I->O             6   1.328   1.152  B_0_IBUF (B_0_IBUF)
     LUT4:I0->O            1   0.254   0.000  Mcompar_A[31]_B[31]_LessThan_5_o_lut<0> (Mcompar_A[31]_B[31]_LessThan_5_o_lut<0>)
     MUXCY:S->O            1   0.215   0.000  Mcompar_A[31]_B[31]_LessThan_5_o_cy<0> (Mcompar_A[31]_B[31]_LessThan_5_o_cy<0>)
     MUXCY:CI->O           1   0.023   0.000  Mcompar_A[31]_B[31]_LessThan_5_o_cy<1> (Mcompar_A[31]_B[31]_LessThan_5_o_cy<1>)
     MUXCY:CI->O           1   0.023   0.000  Mcompar_A[31]_B[31]_LessThan_5_o_cy<2> (Mcompar_A[31]_B[31]_LessThan_5_o_cy<2>)
     MUXCY:CI->O           1   0.023   0.000  Mcompar_A[31]_B[31]_LessThan_5_o_cy<3> (Mcompar_A[31]_B[31]_LessThan_5_o_cy<3>)
     MUXCY:CI->O           1   0.023   0.000  Mcompar_A[31]_B[31]_LessThan_5_o_cy<4> (Mcompar_A[31]_B[31]_LessThan_5_o_cy<4>)
     MUXCY:CI->O           1   0.023   0.000  Mcompar_A[31]_B[31]_LessThan_5_o_cy<5> (Mcompar_A[31]_B[31]_LessThan_5_o_cy<5>)
     MUXCY:CI->O           1   0.023   0.000  Mcompar_A[31]_B[31]_LessThan_5_o_cy<6> (Mcompar_A[31]_B[31]_LessThan_5_o_cy<6>)
     MUXCY:CI->O           1   0.023   0.000  Mcompar_A[31]_B[31]_LessThan_5_o_cy<7> (Mcompar_A[31]_B[31]_LessThan_5_o_cy<7>)
     MUXCY:CI->O           1   0.023   0.000  Mcompar_A[31]_B[31]_LessThan_5_o_cy<8> (Mcompar_A[31]_B[31]_LessThan_5_o_cy<8>)
     MUXCY:CI->O           1   0.023   0.000  Mcompar_A[31]_B[31]_LessThan_5_o_cy<9> (Mcompar_A[31]_B[31]_LessThan_5_o_cy<9>)
     MUXCY:CI->O           1   0.023   0.000  Mcompar_A[31]_B[31]_LessThan_5_o_cy<10> (Mcompar_A[31]_B[31]_LessThan_5_o_cy<10>)
     MUXCY:CI->O           1   0.023   0.000  Mcompar_A[31]_B[31]_LessThan_5_o_cy<11> (Mcompar_A[31]_B[31]_LessThan_5_o_cy<11>)
     MUXCY:CI->O           1   0.023   0.000  Mcompar_A[31]_B[31]_LessThan_5_o_cy<12> (Mcompar_A[31]_B[31]_LessThan_5_o_cy<12>)
     MUXCY:CI->O           1   0.023   0.000  Mcompar_A[31]_B[31]_LessThan_5_o_cy<13> (Mcompar_A[31]_B[31]_LessThan_5_o_cy<13>)
     MUXCY:CI->O           1   0.235   0.682  Mcompar_A[31]_B[31]_LessThan_5_o_cy<14> (Mcompar_A[31]_B[31]_LessThan_5_o_cy<14>)
     LUT5:I4->O            1   0.254   0.910  Mcompar_A[31]_B[31]_LessThan_5_o_cy<15> (Mcompar_A[31]_B[31]_LessThan_5_o_cy<15>)
     LUT6:I3->O            1   0.235   0.682  _n01104 (_n01103)
     LUT3:I2->O            2   0.254   1.002  _n01105 (Output_0_OBUF)
     LUT6:I2->O            1   0.254   0.958  Zero_Flag2 (Zero_Flag2)
     LUT5:I1->O            1   0.254   0.682  Zero_Flag9_SW0 (N4)
     LUT6:I5->O            1   0.254   0.681  Zero_Flag9 (Zero_Flag_OBUF)
     OBUF:I->O                 2.912          Zero_Flag_OBUF (Zero_Flag)
    ----------------------------------------
    Total                     13.501ns (6.752ns logic, 6.749ns route)
                                       (50.0% logic, 50.0% route)

=========================================================================

Cross Clock Domains Report:
--------------------------

=========================================================================


Total REAL time to Xst completion: 16.00 secs
Total CPU time to Xst completion: 16.25 secs
 
--> 

Total memory usage is 312888 kilobytes

Number of errors   :    0 (   0 filtered)
Number of warnings :    0 (   0 filtered)
Number of infos    :    0 (   0 filtered)

