Command line:
   MIPS_Processor_isim_beh.exe
     -simmode  gui
     -simrunnum  0
     -socket  55059

Thu Apr 19 16:49:35 2018


 Elaboration Time: 0.140625 sec

 Current Memory Usage: 885.748 Meg

 Total Signals          : 119
 Total Nets             : 648
 Total Signal Drivers   : 40
 Total Blocks           : 20
 Total Primitive Blocks : 17
 Total Processes        : 52
 Total Traceable Variables  : 64
 Total Scalar Nets and Variables : 5167
Total Line Count : 107

 Total Simulation Time: 0.15625 sec

 Current Memory Usage: 885.748 Meg

Thu Apr 19 16:49:39 2018

