Command line:
   MIPS_Core_tf_isim_beh.exe
     -simmode  gui
     -simrunnum  0
     -socket  60198

Tue Apr 10 16:42:04 2018


 Elaboration Time: 0.140625 sec

 Current Memory Usage: 880.955 Meg

 Total Signals          : 90
 Total Nets             : 388
 Total Signal Drivers   : 28
 Total Blocks           : 14
 Total Primitive Blocks : 11
 Total Processes        : 38
 Total Traceable Variables  : 49
 Total Scalar Nets and Variables : 4770
Total Line Count : 140

 Total Simulation Time: 0.1875 sec

 Current Memory Usage: 880.955 Meg

Tue Apr 10 16:42:33 2018

