Command line:
   ALU_TOP_tb_isim_beh.exe
     -simmode  gui
     -simrunnum  0
     -socket  60177

Wed Feb 28 15:53:45 2018


 Elaboration Time: 0.140625 sec

 Current Memory Usage: 876.995 Meg

 Total Signals          : 21
 Total Nets             : 122
 Total Signal Drivers   : 12
 Total Blocks           : 4
 Total Primitive Blocks : 3
 Total Processes        : 16
 Total Traceable Variables  : 25
 Total Scalar Nets and Variables : 311
Total Line Count : 62

 Total Simulation Time: 0.15625 sec

 Current Memory Usage: 1034.28 Meg

Wed Feb 28 15:59:48 2018

