ISim log file
Running: C:\Users\Sam\Desktop\440\Stack_CPU\STACK_CPU_tb_isim_beh.exe -intstyle ise -gui -tclbatch isim.cmd -wdb C:/Users/Sam/Desktop/440/Stack_CPU/STACK_CPU_tb_isim_beh.wdb 
ISim P.20131013 (signature 0x7708f090)
WARNING: A WEBPACK license was found.
WARNING: Please use Xilinx License Configuration Manager to check out a full ISim license.
WARNING: ISim will run in Lite mode. Please refer to the ISim documentation for more information on the differences between the Lite and the Full version.
This is a Lite version of ISim.
Time resolution is 1 ps
# onerror resume
# wave add /
# run 1000 ns
Simulator is doing circuit initialization process.
Finished circuit initialization process.
Stopped at time : 20 ns :  in File "C:/Users/Sam/Desktop/440/Stack_CPU/STACK_CPU_tb.v" Line 67 
# run all
Stopped at time : 30 ns :  in File "C:/Users/Sam/Desktop/440/Stack_CPU/STACK_CPU_tb.v" Line 69 
# run all
Stopped at time : 40 ns :  in File "C:/Users/Sam/Desktop/440/Stack_CPU/STACK_CPU_tb.v" Line 71 
# run all
Stopped at time : 50 ns :  in File "C:/Users/Sam/Desktop/440/Stack_CPU/STACK_CPU_tb.v" Line 73 
# run all
Stopped at time : 60 ns :  in File "C:/Users/Sam/Desktop/440/Stack_CPU/STACK_CPU_tb.v" Line 75 
# run all
Stopped at time : 70 ns :  in File "C:/Users/Sam/Desktop/440/Stack_CPU/STACK_CPU_tb.v" Line 77 
# restart
# run all
Simulator is doing circuit initialization process.
Finished circuit initialization process.
Stopped at time : 20 ns :  in File "C:/Users/Sam/Desktop/440/Stack_CPU/STACK_CPU_tb.v" Line 67 
# run all
Stopped at time : 30 ns :  in File "C:/Users/Sam/Desktop/440/Stack_CPU/STACK_CPU_tb.v" Line 69 
# run all
Stopped at time : 40 ns :  in File "C:/Users/Sam/Desktop/440/Stack_CPU/STACK_CPU_tb.v" Line 71 
# run all
Stopped at time : 50 ns :  in File "C:/Users/Sam/Desktop/440/Stack_CPU/STACK_CPU_tb.v" Line 73 
# run all
Stopped at time : 60 ns :  in File "C:/Users/Sam/Desktop/440/Stack_CPU/STACK_CPU_tb.v" Line 75 
# run all
Stopped at time : 70 ns :  in File "C:/Users/Sam/Desktop/440/Stack_CPU/STACK_CPU_tb.v" Line 77 
# run all
Stopped at time : 80 ns :  in File "C:/Users/Sam/Desktop/440/Stack_CPU/STACK_CPU_tb.v" Line 79 
# run all
Stopped at time : 90 ns :  in File "C:/Users/Sam/Desktop/440/Stack_CPU/STACK_CPU_tb.v" Line 81 
# run all
Stopped at time : 100 ns :  in File "C:/Users/Sam/Desktop/440/Stack_CPU/STACK_CPU_tb.v" Line 83 
# run all
Stopped at time : 8663230 ns : File "C:/Users/Sam/Desktop/440/Stack_CPU/STACK_CPU_tb.v" Line 37
ISim P.20131013 (signature 0x7708f090)
WARNING: A WEBPACK license was found.
WARNING: Please use Xilinx License Configuration Manager to check out a full ISim license.
WARNING: ISim will run in Lite mode. Please refer to the ISim documentation for more information on the differences between the Lite and the Full version.
This is a Lite version of ISim.
# run 1000 ns
Simulator is doing circuit initialization process.
Finished circuit initialization process.
Stopped at time : 130 ns :  in File "C:/Users/Sam/Desktop/440/Stack_CPU/STACK_CPU_tb.v" Line 67 
ISim P.20131013 (signature 0x7708f090)
WARNING: A WEBPACK license was found.
WARNING: Please use Xilinx License Configuration Manager to check out a full ISim license.
WARNING: ISim will run in Lite mode. Please refer to the ISim documentation for more information on the differences between the Lite and the Full version.
This is a Lite version of ISim.
# run 1000 ns
Simulator is doing circuit initialization process.
Finished circuit initialization process.
Stopped at time : 130 ns :  in File "C:/Users/Sam/Desktop/440/Stack_CPU/STACK_CPU_tb.v" Line 67 
ISim P.20131013 (signature 0x7708f090)
WARNING: A WEBPACK license was found.
WARNING: Please use Xilinx License Configuration Manager to check out a full ISim license.
WARNING: ISim will run in Lite mode. Please refer to the ISim documentation for more information on the differences between the Lite and the Full version.
This is a Lite version of ISim.
# run 1000 ns
Simulator is doing circuit initialization process.
Finished circuit initialization process.
Stopped at time : 130 ns :  in File "C:/Users/Sam/Desktop/440/Stack_CPU/STACK_CPU_tb.v" Line 67 
ISim P.20131013 (signature 0x7708f090)
WARNING: A WEBPACK license was found.
WARNING: Please use Xilinx License Configuration Manager to check out a full ISim license.
WARNING: ISim will run in Lite mode. Please refer to the ISim documentation for more information on the differences between the Lite and the Full version.
This is a Lite version of ISim.
# run 1000 ns
Simulator is doing circuit initialization process.
Finished circuit initialization process.
Stopped at time : 130 ns :  in File "C:/Users/Sam/Desktop/440/Stack_CPU/STACK_CPU_tb.v" Line 67 
ISim P.20131013 (signature 0x7708f090)
WARNING: A WEBPACK license was found.
WARNING: Please use Xilinx License Configuration Manager to check out a full ISim license.
WARNING: ISim will run in Lite mode. Please refer to the ISim documentation for more information on the differences between the Lite and the Full version.
This is a Lite version of ISim.
# run 1000 ns
Simulator is doing circuit initialization process.
Finished circuit initialization process.
Stopped at time : 130 ns :  in File "C:/Users/Sam/Desktop/440/Stack_CPU/STACK_CPU_tb.v" Line 67 
ISim P.20131013 (signature 0x7708f090)
WARNING: A WEBPACK license was found.
WARNING: Please use Xilinx License Configuration Manager to check out a full ISim license.
WARNING: ISim will run in Lite mode. Please refer to the ISim documentation for more information on the differences between the Lite and the Full version.
This is a Lite version of ISim.
# run 1000 ns
Simulator is doing circuit initialization process.
Finished circuit initialization process.
Stopped at time : 140 ns :  in File "C:/Users/Sam/Desktop/440/Stack_CPU/STACK_CPU_tb.v" Line 67 
ISim P.20131013 (signature 0x7708f090)
WARNING: A WEBPACK license was found.
WARNING: Please use Xilinx License Configuration Manager to check out a full ISim license.
WARNING: ISim will run in Lite mode. Please refer to the ISim documentation for more information on the differences between the Lite and the Full version.
This is a Lite version of ISim.
# run 1000 ns
Simulator is doing circuit initialization process.
Finished circuit initialization process.
Stopped at time : 140 ns :  in File "C:/Users/Sam/Desktop/440/Stack_CPU/STACK_CPU_tb.v" Line 67 
ISim P.20131013 (signature 0x7708f090)
WARNING: A WEBPACK license was found.
WARNING: Please use Xilinx License Configuration Manager to check out a full ISim license.
WARNING: ISim will run in Lite mode. Please refer to the ISim documentation for more information on the differences between the Lite and the Full version.
This is a Lite version of ISim.
# run 1000 ns
Simulator is doing circuit initialization process.
Finished circuit initialization process.
Stopped at time : 100 ns :  in File "C:/Users/Sam/Desktop/440/Stack_CPU/STACK_CPU_tb.v" Line 67 
# run all
Stopped at time : 140 ns :  in File "C:/Users/Sam/Desktop/440/Stack_CPU/STACK_CPU_tb.v" Line 69 
