Command line:
   ALU_isim_beh.exe
     -simmode  gui
     -simrunnum  1
     -socket  60147

Wed Feb 28 15:39:35 2018


 Elaboration Time: 0.140625 sec

 Current Memory Usage: 877.515 Meg

 Total Signals          : 16
 Total Nets             : 114
 Total Signal Drivers   : 7
 Total Blocks           : 2
 Total Primitive Blocks : 2
 Total Processes        : 9
 Total Traceable Variables  : 20
 Total Scalar Nets and Variables : 227
Total Line Count : 26
Total Line Count : 26

 Total Simulation Time: 0.1875 sec

 Current Memory Usage: 877.515 Meg

Wed Feb 28 15:39:51 2018

