Command line:
   ALU_Top_tf_isim_beh.exe
     -simmode  gui
     -simrunnum  0
     -socket  61690

Wed Feb 28 20:41:05 2018


 Elaboration Time: 0.09375 sec

 Current Memory Usage: 877.576 Meg

 Total Signals          : 21
 Total Nets             : 122
 Total Signal Drivers   : 12
 Total Blocks           : 4
 Total Primitive Blocks : 3
 Total Processes        : 16
 Total Traceable Variables  : 31
 Total Scalar Nets and Variables : 335
Total Line Count : 74

 Total Simulation Time: 0.125 sec

 Current Memory Usage: 877.576 Meg

Wed Feb 28 20:41:32 2018

