Command line:
   Reg_File32_tf_isim_beh.exe
     -simmode  gui
     -simrunnum  0
     -socket  58955

Fri Mar 09 12:18:01 2018


 Elaboration Time: 0.09375 sec

 Current Memory Usage: 880.992 Meg

 Total Signals          : 23
 Total Nets             : 126
 Total Signal Drivers   : 13
 Total Blocks           : 3
 Total Primitive Blocks : 2
 Total Processes        : 17
 Total Traceable Variables  : 26
 Total Scalar Nets and Variables : 1311
Total Line Count : 57

 Total Simulation Time: 0.140625 sec

 Current Memory Usage: 880.992 Meg

Fri Mar 09 12:18:28 2018

