ISim log file
Running: D:\CSULB_Classes\CECS_440\Labs_Projects\Reg_File\Reg_File_JS\Register_File\Reg_File32_tf_isim_beh.exe -intstyle ise -gui -tclbatch isim.cmd -wdb D:/CSULB_Classes/CECS_440/Labs_Projects/Reg_File/Reg_File_JS/Register_File/Reg_File32_tf_isim_beh.wdb 
ISim P.20131013 (signature 0x7708f090)
WARNING: A WEBPACK license was found.
WARNING: Please use Xilinx License Configuration Manager to check out a full ISim license.
WARNING: ISim will run in Lite mode. Please refer to the ISim documentation for more information on the differences between the Lite and the Full version.
This is a Lite version of ISim.
Time resolution is 1 ps
# onerror resume
# wave add /
# run 1000 ns
Simulator is doing circuit initialization process.
Writing to registers
--------------------
Finished circuit initialization process.
$ 0        <-        0x12153524
$ 1        <-        0xc0895e81
$ 2        <-        0x8484d609
$ 3        <-        0xb1f05663
$ 4        <-        0x06b97b0d
$ 5        <-        0x46df998d
$ 6        <-        0xb2c28465
$ 7        <-        0x89375212
$ 8        <-        0x00f3e301
$ 9        <-        0x06d7cd0d
$10        <-        0x3b23f176
$11        <-        0x1e8dcd3d
$12        <-        0x76d457ed
$13        <-        0x462df78c
$14        <-        0x7cfde9f9
$15        <-        0xe33724c6
$16        <-        0xe2f784c5
$17        <-        0xd513d2aa
$18        <-        0x72aff7e5
$19        <-        0xbbd27277
$20        <-        0x8932d612
$21        <-        0x47ecdb8f
$22        <-        0x793069f2
$23        <-        0xe77696ce
$24        <-        0xf4007ae8
$25        <-        0xe2ca4ec5
$26        <-        0x2e58495c
$27        <-        0xde8e28bd
$28        <-        0x96ab582d
$29        <-        0xb2a72665
$30        <-        0xb1ef6263
$31        <-        0x0573870a
Reading from registers
--------------------
$          2         =        0x00000000
$          3         =        0xc0895e81
$          2         =        0x8484d609
$          3         =        0xb1f05663
$          6         =        0x06b97b0d
$          7         =        0x46df998d
$          6         =        0xb2c28465
$          7         =        0x89375212
$         10         =        0x00f3e301
$         11         =        0x06d7cd0d
$         10         =        0x3b23f176
$         11         =        0x1e8dcd3d
$         14         =        0x76d457ed
$         15         =        0x462df78c
$         14         =        0x7cfde9f9
$         15         =        0xe33724c6
$         18         =        0xe2f784c5
$         19         =        0xd513d2aa
$         18         =        0x72aff7e5
$         19         =        0xbbd27277
$         22         =        0x8932d612
$         23         =        0x47ecdb8f
$         22         =        0x793069f2
$         23         =        0xe77696ce
$         26         =        0xf4007ae8
$         27         =        0xe2ca4ec5
$         26         =        0x2e58495c
$         27         =        0xde8e28bd
$         30         =        0x96ab582d
$         31         =        0xb2a72665
$         30         =        0xb1ef6263
$         31         =        0x0573870a
Stopped at time : 405 ns(2) :  in File "D:/CSULB_Classes/CECS_440/Labs_Projects/Reg_File/Reg_File_JS/Register_File/Reg_File32_tf.v" Line 108 
