Command line:
   ALU_440_tb_isim_beh.exe
     -simmode  gui
     -simrunnum  0
     -socket  60159

Wed Feb 28 15:44:45 2018


 Elaboration Time: 0.171875 sec

 Current Memory Usage: 877.036 Meg

 Total Signals          : 18
 Total Nets             : 114
 Total Signal Drivers   : 10
 Total Blocks           : 3
 Total Primitive Blocks : 2
 Total Processes        : 13
 Total Traceable Variables  : 23
 Total Scalar Nets and Variables : 295
Total Line Count : 48

 Total Simulation Time: 0.1875 sec

 Current Memory Usage: 719.749 Meg

Wed Feb 28 15:46:29 2018

